CRITICAL - 2025-12-09 00:51:40 --> Invalid file: superadmin/v_adminlab.php
in SYSTEMPATH\Exceptions\FrameworkException.php on line 33.
 1 SYSTEMPATH\View\View.php(201): CodeIgniter\Exceptions\FrameworkException::forInvalidFile('superadmin/v_adminlab.php')
 2 SYSTEMPATH\Common.php(1135): CodeIgniter\View\View->render('superadmin/v_adminlab', [], true)
 3 APPPATH\Controllers\SuperAdmin.php(126): view('superadmin/v_adminlab', [...])
 4 SYSTEMPATH\CodeIgniter.php(925): App\Controllers\SuperAdmin->adminlab()
 5 SYSTEMPATH\CodeIgniter.php(480): CodeIgniter\CodeIgniter->runController(Object(App\Controllers\SuperAdmin))
 6 SYSTEMPATH\CodeIgniter.php(349): CodeIgniter\CodeIgniter->handleRequest(null, Object(Config\Cache), false)
 7 FCPATH\index.php(67): CodeIgniter\CodeIgniter->run()
CRITICAL - 2025-12-09 00:51:46 --> Invalid file: superadmin/v_riwayat.php
in SYSTEMPATH\Exceptions\FrameworkException.php on line 33.
 1 SYSTEMPATH\View\View.php(201): CodeIgniter\Exceptions\FrameworkException::forInvalidFile('superadmin/v_riwayat.php')
 2 SYSTEMPATH\Common.php(1135): CodeIgniter\View\View->render('superadmin/v_riwayat', [], true)
 3 APPPATH\Controllers\SuperAdmin.php(191): view('superadmin/v_riwayat', [...])
 4 SYSTEMPATH\CodeIgniter.php(925): App\Controllers\SuperAdmin->riwayat()
 5 SYSTEMPATH\CodeIgniter.php(480): CodeIgniter\CodeIgniter->runController(Object(App\Controllers\SuperAdmin))
 6 SYSTEMPATH\CodeIgniter.php(349): CodeIgniter\CodeIgniter->handleRequest(null, Object(Config\Cache), false)
 7 FCPATH\index.php(67): CodeIgniter\CodeIgniter->run()
CRITICAL - 2025-12-09 01:03:25 --> Invalid file: superadmin/v_adminlab.php
in SYSTEMPATH\Exceptions\FrameworkException.php on line 33.
 1 SYSTEMPATH\View\View.php(201): CodeIgniter\Exceptions\FrameworkException::forInvalidFile('superadmin/v_adminlab.php')
 2 SYSTEMPATH\Common.php(1135): CodeIgniter\View\View->render('superadmin/v_adminlab', [], true)
 3 APPPATH\Controllers\SuperAdmin.php(154): view('superadmin/v_adminlab', [...])
 4 SYSTEMPATH\CodeIgniter.php(925): App\Controllers\SuperAdmin->adminlab()
 5 SYSTEMPATH\CodeIgniter.php(480): CodeIgniter\CodeIgniter->runController(Object(App\Controllers\SuperAdmin))
 6 SYSTEMPATH\CodeIgniter.php(349): CodeIgniter\CodeIgniter->handleRequest(null, Object(Config\Cache), false)
 7 FCPATH\index.php(67): CodeIgniter\CodeIgniter->run()
CRITICAL - 2025-12-09 01:03:40 --> Invalid file: superadmin/v_adminlab.php
in SYSTEMPATH\Exceptions\FrameworkException.php on line 33.
 1 SYSTEMPATH\View\View.php(201): CodeIgniter\Exceptions\FrameworkException::forInvalidFile('superadmin/v_adminlab.php')
 2 SYSTEMPATH\Common.php(1135): CodeIgniter\View\View->render('superadmin/v_adminlab', [], true)
 3 APPPATH\Controllers\SuperAdmin.php(154): view('superadmin/v_adminlab', [...])
 4 SYSTEMPATH\CodeIgniter.php(925): App\Controllers\SuperAdmin->adminlab()
 5 SYSTEMPATH\CodeIgniter.php(480): CodeIgniter\CodeIgniter->runController(Object(App\Controllers\SuperAdmin))
 6 SYSTEMPATH\CodeIgniter.php(349): CodeIgniter\CodeIgniter->handleRequest(null, Object(Config\Cache), false)
 7 FCPATH\index.php(67): CodeIgniter\CodeIgniter->run()
CRITICAL - 2025-12-09 02:00:58 --> Undefined array key "tipe"
in APPPATH\Views\superadmin\v_laboratorium.php on line 35.
 1 APPPATH\Views\superadmin\v_laboratorium.php(35): CodeIgniter\Debug\Exceptions->errorHandler(2, 'Undefined array key "tipe"', 'APPPATH\\Views\\superadmin\\v_laboratorium.php', 35)
 2 SYSTEMPATH\View\View.php(213): include('APPPATH\\Views\\superadmin\\v_laboratorium.php')
 3 SYSTEMPATH\View\View.php(216): CodeIgniter\View\View->CodeIgniter\View\{closure}()
 4 SYSTEMPATH\Common.php(1135): CodeIgniter\View\View->render('superadmin/v_laboratorium', [], true)
 5 APPPATH\Controllers\SuperAdmin.php(75): view('superadmin/v_laboratorium', [...])
 6 SYSTEMPATH\CodeIgniter.php(925): App\Controllers\SuperAdmin->laboratorium()
 7 SYSTEMPATH\CodeIgniter.php(480): CodeIgniter\CodeIgniter->runController(Object(App\Controllers\SuperAdmin))
 8 SYSTEMPATH\CodeIgniter.php(349): CodeIgniter\CodeIgniter->handleRequest(null, Object(Config\Cache), false)
 9 FCPATH\index.php(67): CodeIgniter\CodeIgniter->run()
CRITICAL - 2025-12-09 02:01:03 --> Undefined array key "tipe"
in APPPATH\Views\superadmin\v_laboratorium.php on line 35.
 1 APPPATH\Views\superadmin\v_laboratorium.php(35): CodeIgniter\Debug\Exceptions->errorHandler(2, 'Undefined array key "tipe"', 'APPPATH\\Views\\superadmin\\v_laboratorium.php', 35)
 2 SYSTEMPATH\View\View.php(213): include('APPPATH\\Views\\superadmin\\v_laboratorium.php')
 3 SYSTEMPATH\View\View.php(216): CodeIgniter\View\View->CodeIgniter\View\{closure}()
 4 SYSTEMPATH\Common.php(1135): CodeIgniter\View\View->render('superadmin/v_laboratorium', [], true)
 5 APPPATH\Controllers\SuperAdmin.php(75): view('superadmin/v_laboratorium', [...])
 6 SYSTEMPATH\CodeIgniter.php(925): App\Controllers\SuperAdmin->laboratorium()
 7 SYSTEMPATH\CodeIgniter.php(480): CodeIgniter\CodeIgniter->runController(Object(App\Controllers\SuperAdmin))
 8 SYSTEMPATH\CodeIgniter.php(349): CodeIgniter\CodeIgniter->handleRequest(null, Object(Config\Cache), false)
 9 FCPATH\index.php(67): CodeIgniter\CodeIgniter->run()
CRITICAL - 2025-12-09 02:02:06 --> Class "App\Controllers\TipeLaboratoriumModel" not found
in APPPATH\Controllers\SuperAdmin.php on line 202.
 1 SYSTEMPATH\CodeIgniter.php(925): App\Controllers\SuperAdmin->tambahLaboratorium()
 2 SYSTEMPATH\CodeIgniter.php(480): CodeIgniter\CodeIgniter->runController(Object(App\Controllers\SuperAdmin))
 3 SYSTEMPATH\CodeIgniter.php(349): CodeIgniter\CodeIgniter->handleRequest(null, Object(Config\Cache), false)
 4 FCPATH\index.php(67): CodeIgniter\CodeIgniter->run()
ERROR - 2025-12-09 02:04:38 --> mysqli_sql_exception: Cannot add or update a child row: a foreign key constraint fails (`db_peminjamanlab`.`laboratorium`, CONSTRAINT `fk_tipe_lab` FOREIGN KEY (`tipe_id`) REFERENCES `tipe_laboratorium` (`id`) ON UPDATE CASCADE) in C:\xampp\htdocs\webpeminjamanlab\system\Database\MySQLi\Connection.php:292
Stack trace:
#0 C:\xampp\htdocs\webpeminjamanlab\system\Database\MySQLi\Connection.php(292): mysqli->query('INSERT INTO `la...', 0)
#1 C:\xampp\htdocs\webpeminjamanlab\system\Database\BaseConnection.php(666): CodeIgniter\Database\MySQLi\Connection->execute('INSERT INTO `la...')
#2 C:\xampp\htdocs\webpeminjamanlab\system\Database\BaseConnection.php(593): CodeIgniter\Database\BaseConnection->simpleQuery('INSERT INTO `la...')
#3 C:\xampp\htdocs\webpeminjamanlab\system\Database\BaseBuilder.php(1916): CodeIgniter\Database\BaseConnection->query('INSERT INTO `la...', Array, false)
#4 C:\xampp\htdocs\webpeminjamanlab\system\Model.php(303): CodeIgniter\Database\BaseBuilder->insert()
#5 C:\xampp\htdocs\webpeminjamanlab\system\BaseModel.php(750): CodeIgniter\Model->doInsert(Array)
#6 C:\xampp\htdocs\webpeminjamanlab\system\Model.php(699): CodeIgniter\BaseModel->insert(Array, true)
#7 C:\xampp\htdocs\webpeminjamanlab\app\Controllers\SuperAdmin.php(234): CodeIgniter\Model->insert(Array)
#8 C:\xampp\htdocs\webpeminjamanlab\system\CodeIgniter.php(925): App\Controllers\SuperAdmin->simpanLaboratorium()
#9 C:\xampp\htdocs\webpeminjamanlab\system\CodeIgniter.php(480): CodeIgniter\CodeIgniter->runController(Object(App\Controllers\SuperAdmin))
#10 C:\xampp\htdocs\webpeminjamanlab\system\CodeIgniter.php(349): CodeIgniter\CodeIgniter->handleRequest(NULL, Object(Config\Cache), false)
#11 C:\xampp\htdocs\webpeminjamanlab\public\index.php(67): CodeIgniter\CodeIgniter->run()
#12 {main}
ERROR - 2025-12-09 02:05:36 --> mysqli_sql_exception: Cannot add or update a child row: a foreign key constraint fails (`db_peminjamanlab`.`laboratorium`, CONSTRAINT `fk_tipe_lab` FOREIGN KEY (`tipe_id`) REFERENCES `tipe_laboratorium` (`id`) ON UPDATE CASCADE) in C:\xampp\htdocs\webpeminjamanlab\system\Database\MySQLi\Connection.php:292
Stack trace:
#0 C:\xampp\htdocs\webpeminjamanlab\system\Database\MySQLi\Connection.php(292): mysqli->query('INSERT INTO `la...', 0)
#1 C:\xampp\htdocs\webpeminjamanlab\system\Database\BaseConnection.php(666): CodeIgniter\Database\MySQLi\Connection->execute('INSERT INTO `la...')
#2 C:\xampp\htdocs\webpeminjamanlab\system\Database\BaseConnection.php(593): CodeIgniter\Database\BaseConnection->simpleQuery('INSERT INTO `la...')
#3 C:\xampp\htdocs\webpeminjamanlab\system\Database\BaseBuilder.php(1916): CodeIgniter\Database\BaseConnection->query('INSERT INTO `la...', Array, false)
#4 C:\xampp\htdocs\webpeminjamanlab\system\Model.php(303): CodeIgniter\Database\BaseBuilder->insert()
#5 C:\xampp\htdocs\webpeminjamanlab\system\BaseModel.php(750): CodeIgniter\Model->doInsert(Array)
#6 C:\xampp\htdocs\webpeminjamanlab\system\Model.php(699): CodeIgniter\BaseModel->insert(Array, true)
#7 C:\xampp\htdocs\webpeminjamanlab\app\Controllers\SuperAdmin.php(234): CodeIgniter\Model->insert(Array)
#8 C:\xampp\htdocs\webpeminjamanlab\system\CodeIgniter.php(925): App\Controllers\SuperAdmin->simpanLaboratorium()
#9 C:\xampp\htdocs\webpeminjamanlab\system\CodeIgniter.php(480): CodeIgniter\CodeIgniter->runController(Object(App\Controllers\SuperAdmin))
#10 C:\xampp\htdocs\webpeminjamanlab\system\CodeIgniter.php(349): CodeIgniter\CodeIgniter->handleRequest(NULL, Object(Config\Cache), false)
#11 C:\xampp\htdocs\webpeminjamanlab\public\index.php(67): CodeIgniter\CodeIgniter->run()
#12 {main}
CRITICAL - 2025-12-09 02:10:20 --> Call to undefined method App\Models\LaboratoriumModel::getLaboratoriumWithAdmin
in SYSTEMPATH\Model.php on line 811.
 1 APPPATH\Controllers\SuperAdmin.php(295): CodeIgniter\Model->__call('getLaboratoriumWithAdmin', [])
 2 SYSTEMPATH\CodeIgniter.php(925): App\Controllers\SuperAdmin->exportPDF()
 3 SYSTEMPATH\CodeIgniter.php(480): CodeIgniter\CodeIgniter->runController(Object(App\Controllers\SuperAdmin))
 4 SYSTEMPATH\CodeIgniter.php(349): CodeIgniter\CodeIgniter->handleRequest(null, Object(Config\Cache), false)
 5 FCPATH\index.php(67): CodeIgniter\CodeIgniter->run()
CRITICAL - 2025-12-09 02:11:34 --> Call to undefined method App\Models\LaboratoriumModel::getLaboratoriumWithAdmin
in SYSTEMPATH\Model.php on line 811.
 1 APPPATH\Controllers\SuperAdmin.php(256): CodeIgniter\Model->__call('getLaboratoriumWithAdmin', [])
 2 SYSTEMPATH\CodeIgniter.php(925): App\Controllers\SuperAdmin->exportExcel()
 3 SYSTEMPATH\CodeIgniter.php(480): CodeIgniter\CodeIgniter->runController(Object(App\Controllers\SuperAdmin))
 4 SYSTEMPATH\CodeIgniter.php(349): CodeIgniter\CodeIgniter->handleRequest(null, Object(Config\Cache), false)
 5 FCPATH\index.php(67): CodeIgniter\CodeIgniter->run()
CRITICAL - 2025-12-09 02:12:08 --> Call to undefined method App\Models\LaboratoriumModel::getLaboratoriumWithAdmin
in SYSTEMPATH\Model.php on line 811.
 1 APPPATH\Controllers\SuperAdmin.php(295): CodeIgniter\Model->__call('getLaboratoriumWithAdmin', [])
 2 SYSTEMPATH\CodeIgniter.php(925): App\Controllers\SuperAdmin->exportPDF()
 3 SYSTEMPATH\CodeIgniter.php(480): CodeIgniter\CodeIgniter->runController(Object(App\Controllers\SuperAdmin))
 4 SYSTEMPATH\CodeIgniter.php(349): CodeIgniter\CodeIgniter->handleRequest(null, Object(Config\Cache), false)
 5 FCPATH\index.php(67): CodeIgniter\CodeIgniter->run()
CRITICAL - 2025-12-09 02:12:23 --> Call to undefined method App\Models\LaboratoriumModel::getLaboratoriumWithAdmin
in SYSTEMPATH\Model.php on line 811.
 1 APPPATH\Controllers\SuperAdmin.php(295): CodeIgniter\Model->__call('getLaboratoriumWithAdmin', [])
 2 SYSTEMPATH\CodeIgniter.php(925): App\Controllers\SuperAdmin->exportPDF()
 3 SYSTEMPATH\CodeIgniter.php(480): CodeIgniter\CodeIgniter->runController(Object(App\Controllers\SuperAdmin))
 4 SYSTEMPATH\CodeIgniter.php(349): CodeIgniter\CodeIgniter->handleRequest(null, Object(Config\Cache), false)
 5 FCPATH\index.php(67): CodeIgniter\CodeIgniter->run()
CRITICAL - 2025-12-09 02:15:21 --> Undefined array key "tipe"
in APPPATH\Views\superadmin\pdf_laboratorium.php on line 55.
 1 APPPATH\Views\superadmin\pdf_laboratorium.php(55): CodeIgniter\Debug\Exceptions->errorHandler(2, 'Undefined array key "tipe"', 'APPPATH\\Views\\superadmin\\pdf_laboratorium.php', 55)
 2 SYSTEMPATH\View\View.php(213): include('APPPATH\\Views\\superadmin\\pdf_laboratorium.php')
 3 SYSTEMPATH\View\View.php(216): CodeIgniter\View\View->CodeIgniter\View\{closure}()
 4 SYSTEMPATH\Common.php(1135): CodeIgniter\View\View->render('superadmin/pdf_laboratorium', [], true)
 5 APPPATH\Controllers\SuperAdmin.php(307): view('superadmin/pdf_laboratorium', [...])
 6 SYSTEMPATH\CodeIgniter.php(925): App\Controllers\SuperAdmin->exportPDF()
 7 SYSTEMPATH\CodeIgniter.php(480): CodeIgniter\CodeIgniter->runController(Object(App\Controllers\SuperAdmin))
 8 SYSTEMPATH\CodeIgniter.php(349): CodeIgniter\CodeIgniter->handleRequest(null, Object(Config\Cache), false)
 9 FCPATH\index.php(67): CodeIgniter\CodeIgniter->run()
CRITICAL - 2025-12-09 02:20:21 --> Undefined array key "nama_tipe"
in APPPATH\Views\superadmin\v_laboratorium.php on line 35.
 1 APPPATH\Views\superadmin\v_laboratorium.php(35): CodeIgniter\Debug\Exceptions->errorHandler(2, 'Undefined array key "nama_tipe"', 'APPPATH\\Views\\superadmin\\v_laboratorium.php', 35)
 2 SYSTEMPATH\View\View.php(213): include('APPPATH\\Views\\superadmin\\v_laboratorium.php')
 3 SYSTEMPATH\View\View.php(216): CodeIgniter\View\View->CodeIgniter\View\{closure}()
 4 SYSTEMPATH\Common.php(1135): CodeIgniter\View\View->render('superadmin/v_laboratorium', [], true)
 5 APPPATH\Controllers\SuperAdmin.php(79): view('superadmin/v_laboratorium', [...])
 6 SYSTEMPATH\CodeIgniter.php(925): App\Controllers\SuperAdmin->laboratorium()
 7 SYSTEMPATH\CodeIgniter.php(480): CodeIgniter\CodeIgniter->runController(Object(App\Controllers\SuperAdmin))
 8 SYSTEMPATH\CodeIgniter.php(349): CodeIgniter\CodeIgniter->handleRequest(null, Object(Config\Cache), false)
 9 FCPATH\index.php(67): CodeIgniter\CodeIgniter->run()
CRITICAL - 2025-12-09 02:39:00 --> Invalid file: superadmin/v_adminlab.php
in SYSTEMPATH\Exceptions\FrameworkException.php on line 33.
 1 SYSTEMPATH\View\View.php(201): CodeIgniter\Exceptions\FrameworkException::forInvalidFile('superadmin/v_adminlab.php')
 2 SYSTEMPATH\Common.php(1135): CodeIgniter\View\View->render('superadmin/v_adminlab', [], true)
 3 APPPATH\Controllers\SuperAdmin.php(166): view('superadmin/v_adminlab', [...])
 4 SYSTEMPATH\CodeIgniter.php(925): App\Controllers\SuperAdmin->adminlab()
 5 SYSTEMPATH\CodeIgniter.php(480): CodeIgniter\CodeIgniter->runController(Object(App\Controllers\SuperAdmin))
 6 SYSTEMPATH\CodeIgniter.php(349): CodeIgniter\CodeIgniter->handleRequest(null, Object(Config\Cache), false)
 7 FCPATH\index.php(67): CodeIgniter\CodeIgniter->run()
CRITICAL - 2025-12-09 02:39:09 --> Invalid file: superadmin/v_adminlab.php
in SYSTEMPATH\Exceptions\FrameworkException.php on line 33.
 1 SYSTEMPATH\View\View.php(201): CodeIgniter\Exceptions\FrameworkException::forInvalidFile('superadmin/v_adminlab.php')
 2 SYSTEMPATH\Common.php(1135): CodeIgniter\View\View->render('superadmin/v_adminlab', [], true)
 3 APPPATH\Controllers\SuperAdmin.php(166): view('superadmin/v_adminlab', [...])
 4 SYSTEMPATH\CodeIgniter.php(925): App\Controllers\SuperAdmin->adminlab()
 5 SYSTEMPATH\CodeIgniter.php(480): CodeIgniter\CodeIgniter->runController(Object(App\Controllers\SuperAdmin))
 6 SYSTEMPATH\CodeIgniter.php(349): CodeIgniter\CodeIgniter->handleRequest(null, Object(Config\Cache), false)
 7 FCPATH\index.php(67): CodeIgniter\CodeIgniter->run()
CRITICAL - 2025-12-09 02:39:58 --> Invalid file: superadmin/v_adminlab.php
in SYSTEMPATH\Exceptions\FrameworkException.php on line 33.
 1 SYSTEMPATH\View\View.php(201): CodeIgniter\Exceptions\FrameworkException::forInvalidFile('superadmin/v_adminlab.php')
 2 SYSTEMPATH\Common.php(1135): CodeIgniter\View\View->render('superadmin/v_adminlab', [], true)
 3 APPPATH\Controllers\SuperAdmin.php(166): view('superadmin/v_adminlab', [...])
 4 SYSTEMPATH\CodeIgniter.php(925): App\Controllers\SuperAdmin->adminlab()
 5 SYSTEMPATH\CodeIgniter.php(480): CodeIgniter\CodeIgniter->runController(Object(App\Controllers\SuperAdmin))
 6 SYSTEMPATH\CodeIgniter.php(349): CodeIgniter\CodeIgniter->handleRequest(null, Object(Config\Cache), false)
 7 FCPATH\index.php(67): CodeIgniter\CodeIgniter->run()
CRITICAL - 2025-12-09 02:44:30 --> Invalid file: superadmin/v_adminlab.php
in SYSTEMPATH\Exceptions\FrameworkException.php on line 33.
 1 SYSTEMPATH\View\View.php(201): CodeIgniter\Exceptions\FrameworkException::forInvalidFile('superadmin/v_adminlab.php')
 2 SYSTEMPATH\Common.php(1135): CodeIgniter\View\View->render('superadmin/v_adminlab', [], true)
 3 APPPATH\Controllers\SuperAdmin.php(166): view('superadmin/v_adminlab', [...])
 4 SYSTEMPATH\CodeIgniter.php(925): App\Controllers\SuperAdmin->adminlab()
 5 SYSTEMPATH\CodeIgniter.php(480): CodeIgniter\CodeIgniter->runController(Object(App\Controllers\SuperAdmin))
 6 SYSTEMPATH\CodeIgniter.php(349): CodeIgniter\CodeIgniter->handleRequest(null, Object(Config\Cache), false)
 7 FCPATH\index.php(67): CodeIgniter\CodeIgniter->run()
ERROR - 2025-12-09 20:48:24 --> Error connecting to the database: mysqli_sql_exception: No connection could be made because the target machine actively refused it in C:\xampp\htdocs\webpeminjamanlab\system\Database\MySQLi\Connection.php:170
Stack trace:
#0 C:\xampp\htdocs\webpeminjamanlab\system\Database\MySQLi\Connection.php(170): mysqli->real_connect('localhost', 'root', Object(SensitiveParameterValue), 'db_peminjamanla...', 3306, '', 0)
#1 C:\xampp\htdocs\webpeminjamanlab\system\Database\BaseConnection.php(382): CodeIgniter\Database\MySQLi\Connection->connect(false)
#2 C:\xampp\htdocs\webpeminjamanlab\system\Database\BaseConnection.php(561): CodeIgniter\Database\BaseConnection->initialize()
#3 C:\xampp\htdocs\webpeminjamanlab\system\Database\BaseBuilder.php(1585): CodeIgniter\Database\BaseConnection->query('SELECT *\nFROM `...', Array, false)
#4 C:\xampp\htdocs\webpeminjamanlab\system\Model.php(267): CodeIgniter\Database\BaseBuilder->get()
#5 C:\xampp\htdocs\webpeminjamanlab\system\BaseModel.php(624): CodeIgniter\Model->doFirst()
#6 C:\xampp\htdocs\webpeminjamanlab\app\Controllers\Auth.php(39): CodeIgniter\BaseModel->first()
#7 C:\xampp\htdocs\webpeminjamanlab\system\CodeIgniter.php(925): App\Controllers\Auth->doLogin()
#8 C:\xampp\htdocs\webpeminjamanlab\system\CodeIgniter.php(480): CodeIgniter\CodeIgniter->runController(Object(App\Controllers\Auth))
#9 C:\xampp\htdocs\webpeminjamanlab\system\CodeIgniter.php(349): CodeIgniter\CodeIgniter->handleRequest(NULL, Object(Config\Cache), false)
#10 C:\xampp\htdocs\webpeminjamanlab\public\index.php(67): CodeIgniter\CodeIgniter->run()
#11 {main}

Next CodeIgniter\Database\Exceptions\DatabaseException: No connection could be made because the target machine actively refused it in C:\xampp\htdocs\webpeminjamanlab\system\Database\MySQLi\Connection.php:215
Stack trace:
#0 C:\xampp\htdocs\webpeminjamanlab\system\Database\BaseConnection.php(382): CodeIgniter\Database\MySQLi\Connection->connect(false)
#1 C:\xampp\htdocs\webpeminjamanlab\system\Database\BaseConnection.php(561): CodeIgniter\Database\BaseConnection->initialize()
#2 C:\xampp\htdocs\webpeminjamanlab\system\Database\BaseBuilder.php(1585): CodeIgniter\Database\BaseConnection->query('SELECT *\nFROM `...', Array, false)
#3 C:\xampp\htdocs\webpeminjamanlab\system\Model.php(267): CodeIgniter\Database\BaseBuilder->get()
#4 C:\xampp\htdocs\webpeminjamanlab\system\BaseModel.php(624): CodeIgniter\Model->doFirst()
#5 C:\xampp\htdocs\webpeminjamanlab\app\Controllers\Auth.php(39): CodeIgniter\BaseModel->first()
#6 C:\xampp\htdocs\webpeminjamanlab\system\CodeIgniter.php(925): App\Controllers\Auth->doLogin()
#7 C:\xampp\htdocs\webpeminjamanlab\system\CodeIgniter.php(480): CodeIgniter\CodeIgniter->runController(Object(App\Controllers\Auth))
#8 C:\xampp\htdocs\webpeminjamanlab\system\CodeIgniter.php(349): CodeIgniter\CodeIgniter->handleRequest(NULL, Object(Config\Cache), false)
#9 C:\xampp\htdocs\webpeminjamanlab\public\index.php(67): CodeIgniter\CodeIgniter->run()
#10 {main}
CRITICAL - 2025-12-09 20:48:24 --> Unable to connect to the database.
Main connection [MySQLi]: No connection could be made because the target machine actively refused it
in SYSTEMPATH\Database\BaseConnection.php on line 418.
 1 SYSTEMPATH\Database\BaseConnection.php(561): CodeIgniter\Database\BaseConnection->initialize()
 2 SYSTEMPATH\Database\BaseBuilder.php(1585): CodeIgniter\Database\BaseConnection->query('SELECT *
FROM `users`
WHERE `nim` = :nim:
OR `email` = :email:
 LIMIT 1', [...], false)
 3 SYSTEMPATH\Model.php(267): CodeIgniter\Database\BaseBuilder->get()
 4 SYSTEMPATH\BaseModel.php(624): CodeIgniter\Model->doFirst()
 5 APPPATH\Controllers\Auth.php(39): CodeIgniter\BaseModel->first()
 6 SYSTEMPATH\CodeIgniter.php(925): App\Controllers\Auth->doLogin()
 7 SYSTEMPATH\CodeIgniter.php(480): CodeIgniter\CodeIgniter->runController(Object(App\Controllers\Auth))
 8 SYSTEMPATH\CodeIgniter.php(349): CodeIgniter\CodeIgniter->handleRequest(null, Object(Config\Cache), false)
 9 FCPATH\index.php(67): CodeIgniter\CodeIgniter->run()
CRITICAL - 2025-12-09 21:52:07 --> Invalid file: superadmin/tipe_lab/index.php
in SYSTEMPATH\Exceptions\FrameworkException.php on line 33.
 1 SYSTEMPATH\View\View.php(201): CodeIgniter\Exceptions\FrameworkException::forInvalidFile('superadmin/tipe_lab/index.php')
 2 SYSTEMPATH\Common.php(1135): CodeIgniter\View\View->render('superadmin/tipe_lab/index', [], true)
 3 APPPATH\Controllers\SuperAdmin.php(311): view('superadmin/tipe_lab/index', [...])
 4 SYSTEMPATH\CodeIgniter.php(925): App\Controllers\SuperAdmin->tipeLab()
 5 SYSTEMPATH\CodeIgniter.php(480): CodeIgniter\CodeIgniter->runController(Object(App\Controllers\SuperAdmin))
 6 SYSTEMPATH\CodeIgniter.php(349): CodeIgniter\CodeIgniter->handleRequest(null, Object(Config\Cache), false)
 7 FCPATH\index.php(67): CodeIgniter\CodeIgniter->run()
CRITICAL - 2025-12-09 21:54:28 --> Invalid file: superadmin/tipe_lab/index.php
in SYSTEMPATH\Exceptions\FrameworkException.php on line 33.
 1 SYSTEMPATH\View\View.php(201): CodeIgniter\Exceptions\FrameworkException::forInvalidFile('superadmin/tipe_lab/index.php')
 2 SYSTEMPATH\Common.php(1135): CodeIgniter\View\View->render('superadmin/tipe_lab/index', [], true)
 3 APPPATH\Controllers\SuperAdmin.php(311): view('superadmin/tipe_lab/index', [...])
 4 SYSTEMPATH\CodeIgniter.php(925): App\Controllers\SuperAdmin->tipeLab()
 5 SYSTEMPATH\CodeIgniter.php(480): CodeIgniter\CodeIgniter->runController(Object(App\Controllers\SuperAdmin))
 6 SYSTEMPATH\CodeIgniter.php(349): CodeIgniter\CodeIgniter->handleRequest(null, Object(Config\Cache), false)
 7 FCPATH\index.php(67): CodeIgniter\CodeIgniter->run()
CRITICAL - 2025-12-09 21:56:03 --> Invalid file: superadmin/tipe_lab/index.php
in SYSTEMPATH\Exceptions\FrameworkException.php on line 33.
 1 SYSTEMPATH\View\View.php(201): CodeIgniter\Exceptions\FrameworkException::forInvalidFile('superadmin/tipe_lab/index.php')
 2 SYSTEMPATH\Common.php(1135): CodeIgniter\View\View->render('superadmin/tipe_lab/index', [], true)
 3 APPPATH\Controllers\SuperAdmin.php(312): view('superadmin/tipe_lab/index', [...])
 4 SYSTEMPATH\CodeIgniter.php(925): App\Controllers\SuperAdmin->tipeLab()
 5 SYSTEMPATH\CodeIgniter.php(480): CodeIgniter\CodeIgniter->runController(Object(App\Controllers\SuperAdmin))
 6 SYSTEMPATH\CodeIgniter.php(349): CodeIgniter\CodeIgniter->handleRequest(null, Object(Config\Cache), false)
 7 FCPATH\index.php(67): CodeIgniter\CodeIgniter->run()
CRITICAL - 2025-12-09 21:57:00 --> Invalid file: superadmin/tipe_lab/index.php
in SYSTEMPATH\Exceptions\FrameworkException.php on line 33.
 1 SYSTEMPATH\View\View.php(201): CodeIgniter\Exceptions\FrameworkException::forInvalidFile('superadmin/tipe_lab/index.php')
 2 SYSTEMPATH\Common.php(1135): CodeIgniter\View\View->render('superadmin/tipe_lab/index', [], true)
 3 APPPATH\Controllers\SuperAdmin.php(312): view('superadmin/tipe_lab/index', [...])
 4 SYSTEMPATH\CodeIgniter.php(925): App\Controllers\SuperAdmin->tipeLab()
 5 SYSTEMPATH\CodeIgniter.php(480): CodeIgniter\CodeIgniter->runController(Object(App\Controllers\SuperAdmin))
 6 SYSTEMPATH\CodeIgniter.php(349): CodeIgniter\CodeIgniter->handleRequest(null, Object(Config\Cache), false)
 7 FCPATH\index.php(67): CodeIgniter\CodeIgniter->run()
CRITICAL - 2025-12-09 21:59:18 --> Invalid file: superadmin/tipe_lab/tambah.php
in SYSTEMPATH\Exceptions\FrameworkException.php on line 33.
 1 SYSTEMPATH\View\View.php(201): CodeIgniter\Exceptions\FrameworkException::forInvalidFile('superadmin/tipe_lab/tambah.php')
 2 SYSTEMPATH\Common.php(1135): CodeIgniter\View\View->render('superadmin/tipe_lab/tambah', [], true)
 3 APPPATH\Controllers\SuperAdmin.php(318): view('superadmin/tipe_lab/tambah')
 4 SYSTEMPATH\CodeIgniter.php(925): App\Controllers\SuperAdmin->tambahTipe()
 5 SYSTEMPATH\CodeIgniter.php(480): CodeIgniter\CodeIgniter->runController(Object(App\Controllers\SuperAdmin))
 6 SYSTEMPATH\CodeIgniter.php(349): CodeIgniter\CodeIgniter->handleRequest(null, Object(Config\Cache), false)
 7 FCPATH\index.php(67): CodeIgniter\CodeIgniter->run()
CRITICAL - 2025-12-09 21:59:21 --> Invalid file: superadmin/tipe_lab/edit.php
in SYSTEMPATH\Exceptions\FrameworkException.php on line 33.
 1 SYSTEMPATH\View\View.php(201): CodeIgniter\Exceptions\FrameworkException::forInvalidFile('superadmin/tipe_lab/edit.php')
 2 SYSTEMPATH\Common.php(1135): CodeIgniter\View\View->render('superadmin/tipe_lab/edit', [], true)
 3 APPPATH\Controllers\SuperAdmin.php(343): view('superadmin/tipe_lab/edit', [...])
 4 SYSTEMPATH\CodeIgniter.php(925): App\Controllers\SuperAdmin->editTipe('5')
 5 SYSTEMPATH\CodeIgniter.php(480): CodeIgniter\CodeIgniter->runController(Object(App\Controllers\SuperAdmin))
 6 SYSTEMPATH\CodeIgniter.php(349): CodeIgniter\CodeIgniter->handleRequest(null, Object(Config\Cache), false)
 7 FCPATH\index.php(67): CodeIgniter\CodeIgniter->run()
